<?xml version="1.0" encoding="UTF-8"?>
<testng-results skipped="0" failed="0" total="1" passed="1">
  <reporter-output>
  </reporter-output>
  <suite name="Default suite" duration-ms="8912" started-at="2020-10-02T20:53:20Z" finished-at="2020-10-02T20:53:29Z">
    <groups>
    </groups>
    <test name="Default test" duration-ms="8912" started-at="2020-10-02T20:53:20Z" finished-at="2020-10-02T20:53:29Z">
      <class name="tests.TestGuruLogin">
        <test-method status="PASS" signature="setup()[pri:0, instance:tests.TestGuruLogin@4501b7af]" name="setup" is-config="true" duration-ms="6098" started-at="2020-10-02T15:53:20Z" finished-at="2020-10-02T15:53:26Z">
          <reporter-output>
          </reporter-output>
        </test-method> <!-- setup -->
        <test-method status="PASS" signature="test_Home_Page_Appear_Correct()[pri:0, instance:tests.TestGuruLogin@4501b7af]" name="test_Home_Page_Appear_Correct" duration-ms="2801" started-at="2020-10-02T15:53:26Z" finished-at="2020-10-02T15:53:29Z">
          <reporter-output>
          </reporter-output>
        </test-method> <!-- test_Home_Page_Appear_Correct -->
      </class> <!-- tests.TestGuruLogin -->
    </test> <!-- Default test -->
  </suite> <!-- Default suite -->
</testng-results>
